CRITICAL - 2021-12-22 11:48:17 --> Invalid argument supplied for foreach()
#0 C:\wamp64\www\CI\app\Views\items_cart\adminpage.php(119): CodeIgniter\Debug\Exceptions->errorHandler(2, 'Invalid argumen...', 'C:\\wamp64\\www\\C...', 119, Array)
#1 C:\wamp64\www\CI\system\View\View.php(214): include('C:\\wamp64\\www\\C...')
#2 C:\wamp64\www\CI\system\View\View.php(217): CodeIgniter\View\View->CodeIgniter\View\{closure}()
#3 C:\wamp64\www\CI\system\Common.php(1097): CodeIgniter\View\View->render('items_cart/admi...', Array, true)
#4 C:\wamp64\www\CI\app\Controllers\PracticeController.php(55): view('items_cart/admi...', Array)
#5 C:\wamp64\www\CI\system\CodeIgniter.php(824): App\Controllers\PracticeController->redictAdmin()
#6 C:\wamp64\www\CI\system\CodeIgniter.php(410): CodeIgniter\CodeIgniter->runController(Object(App\Controllers\PracticeController))
#7 C:\wamp64\www\CI\system\CodeIgniter.php(318): CodeIgniter\CodeIgniter->handleRequest(NULL, Object(Config\Cache), false)
#8 C:\wamp64\www\CI\public\index.php(37): CodeIgniter\CodeIgniter->run()
#9 {main}
CRITICAL - 2021-12-22 11:51:36 --> Invalid argument supplied for foreach()
#0 C:\wamp64\www\CI\app\Views\items_cart\adminpage.php(119): CodeIgniter\Debug\Exceptions->errorHandler(2, 'Invalid argumen...', 'C:\\wamp64\\www\\C...', 119, Array)
#1 C:\wamp64\www\CI\system\View\View.php(214): include('C:\\wamp64\\www\\C...')
#2 C:\wamp64\www\CI\system\View\View.php(217): CodeIgniter\View\View->CodeIgniter\View\{closure}()
#3 C:\wamp64\www\CI\system\Common.php(1097): CodeIgniter\View\View->render('items_cart/admi...', Array, true)
#4 C:\wamp64\www\CI\app\Controllers\PracticeController.php(55): view('items_cart/admi...', Array)
#5 C:\wamp64\www\CI\system\CodeIgniter.php(824): App\Controllers\PracticeController->redictAdmin()
#6 C:\wamp64\www\CI\system\CodeIgniter.php(410): CodeIgniter\CodeIgniter->runController(Object(App\Controllers\PracticeController))
#7 C:\wamp64\www\CI\system\CodeIgniter.php(318): CodeIgniter\CodeIgniter->handleRequest(NULL, Object(Config\Cache), false)
#8 C:\wamp64\www\CI\public\index.php(37): CodeIgniter\CodeIgniter->run()
#9 {main}
CRITICAL - 2021-12-22 11:52:09 --> Invalid argument supplied for foreach()
#0 C:\wamp64\www\CI\app\Views\items_cart\adminpage.php(120): CodeIgniter\Debug\Exceptions->errorHandler(2, 'Invalid argumen...', 'C:\\wamp64\\www\\C...', 120, Array)
#1 C:\wamp64\www\CI\system\View\View.php(214): include('C:\\wamp64\\www\\C...')
#2 C:\wamp64\www\CI\system\View\View.php(217): CodeIgniter\View\View->CodeIgniter\View\{closure}()
#3 C:\wamp64\www\CI\system\Common.php(1097): CodeIgniter\View\View->render('items_cart/admi...', Array, true)
#4 C:\wamp64\www\CI\app\Controllers\PracticeController.php(55): view('items_cart/admi...', Array)
#5 C:\wamp64\www\CI\system\CodeIgniter.php(824): App\Controllers\PracticeController->redictAdmin()
#6 C:\wamp64\www\CI\system\CodeIgniter.php(410): CodeIgniter\CodeIgniter->runController(Object(App\Controllers\PracticeController))
#7 C:\wamp64\www\CI\system\CodeIgniter.php(318): CodeIgniter\CodeIgniter->handleRequest(NULL, Object(Config\Cache), false)
#8 C:\wamp64\www\CI\public\index.php(37): CodeIgniter\CodeIgniter->run()
#9 {main}
CRITICAL - 2021-12-22 13:02:37 --> syntax error, unexpected '}', expecting end of file
#0 C:\wamp64\www\CI\system\View\View.php(217): CodeIgniter\View\View->CodeIgniter\View\{closure}()
#1 C:\wamp64\www\CI\system\Common.php(1097): CodeIgniter\View\View->render('items_cart/admi...', Array, true)
#2 C:\wamp64\www\CI\app\Controllers\PracticeController.php(55): view('items_cart/admi...', Array)
#3 C:\wamp64\www\CI\system\CodeIgniter.php(824): App\Controllers\PracticeController->redictAdmin()
#4 C:\wamp64\www\CI\system\CodeIgniter.php(410): CodeIgniter\CodeIgniter->runController(Object(App\Controllers\PracticeController))
#5 C:\wamp64\www\CI\system\CodeIgniter.php(318): CodeIgniter\CodeIgniter->handleRequest(NULL, Object(Config\Cache), false)
#6 C:\wamp64\www\CI\public\index.php(37): CodeIgniter\CodeIgniter->run()
#7 {main}
CRITICAL - 2021-12-22 13:03:01 --> syntax error, unexpected '}', expecting end of file
#0 C:\wamp64\www\CI\system\View\View.php(217): CodeIgniter\View\View->CodeIgniter\View\{closure}()
#1 C:\wamp64\www\CI\system\Common.php(1097): CodeIgniter\View\View->render('items_cart/admi...', Array, true)
#2 C:\wamp64\www\CI\app\Controllers\PracticeController.php(55): view('items_cart/admi...', Array)
#3 C:\wamp64\www\CI\system\CodeIgniter.php(824): App\Controllers\PracticeController->redictAdmin()
#4 C:\wamp64\www\CI\system\CodeIgniter.php(410): CodeIgniter\CodeIgniter->runController(Object(App\Controllers\PracticeController))
#5 C:\wamp64\www\CI\system\CodeIgniter.php(318): CodeIgniter\CodeIgniter->handleRequest(NULL, Object(Config\Cache), false)
#6 C:\wamp64\www\CI\public\index.php(37): CodeIgniter\CodeIgniter->run()
#7 {main}
CRITICAL - 2021-12-22 13:05:02 --> syntax error, unexpected 'else' (T_ELSE)
#0 C:\wamp64\www\CI\system\View\View.php(217): CodeIgniter\View\View->CodeIgniter\View\{closure}()
#1 C:\wamp64\www\CI\system\Common.php(1097): CodeIgniter\View\View->render('items_cart/admi...', Array, true)
#2 C:\wamp64\www\CI\app\Controllers\PracticeController.php(55): view('items_cart/admi...', Array)
#3 C:\wamp64\www\CI\system\CodeIgniter.php(824): App\Controllers\PracticeController->redictAdmin()
#4 C:\wamp64\www\CI\system\CodeIgniter.php(410): CodeIgniter\CodeIgniter->runController(Object(App\Controllers\PracticeController))
#5 C:\wamp64\www\CI\system\CodeIgniter.php(318): CodeIgniter\CodeIgniter->handleRequest(NULL, Object(Config\Cache), false)
#6 C:\wamp64\www\CI\public\index.php(37): CodeIgniter\CodeIgniter->run()
#7 {main}
CRITICAL - 2021-12-22 13:05:31 --> syntax error, unexpected 'else' (T_ELSE)
#0 C:\wamp64\www\CI\system\View\View.php(217): CodeIgniter\View\View->CodeIgniter\View\{closure}()
#1 C:\wamp64\www\CI\system\Common.php(1097): CodeIgniter\View\View->render('items_cart/admi...', Array, true)
#2 C:\wamp64\www\CI\app\Controllers\PracticeController.php(55): view('items_cart/admi...', Array)
#3 C:\wamp64\www\CI\system\CodeIgniter.php(824): App\Controllers\PracticeController->redictAdmin()
#4 C:\wamp64\www\CI\system\CodeIgniter.php(410): CodeIgniter\CodeIgniter->runController(Object(App\Controllers\PracticeController))
#5 C:\wamp64\www\CI\system\CodeIgniter.php(318): CodeIgniter\CodeIgniter->handleRequest(NULL, Object(Config\Cache), false)
#6 C:\wamp64\www\CI\public\index.php(37): CodeIgniter\CodeIgniter->run()
#7 {main}
CRITICAL - 2021-12-22 13:06:46 --> syntax error, unexpected end of file
#0 C:\wamp64\www\CI\system\View\View.php(217): CodeIgniter\View\View->CodeIgniter\View\{closure}()
#1 C:\wamp64\www\CI\system\Common.php(1097): CodeIgniter\View\View->render('items_cart/admi...', Array, true)
#2 C:\wamp64\www\CI\app\Controllers\PracticeController.php(55): view('items_cart/admi...', Array)
#3 C:\wamp64\www\CI\system\CodeIgniter.php(824): App\Controllers\PracticeController->redictAdmin()
#4 C:\wamp64\www\CI\system\CodeIgniter.php(410): CodeIgniter\CodeIgniter->runController(Object(App\Controllers\PracticeController))
#5 C:\wamp64\www\CI\system\CodeIgniter.php(318): CodeIgniter\CodeIgniter->handleRequest(NULL, Object(Config\Cache), false)
#6 C:\wamp64\www\CI\public\index.php(37): CodeIgniter\CodeIgniter->run()
#7 {main}
CRITICAL - 2021-12-22 13:12:48 --> syntax error, unexpected end of file
#0 C:\wamp64\www\CI\system\View\View.php(217): CodeIgniter\View\View->CodeIgniter\View\{closure}()
#1 C:\wamp64\www\CI\system\Common.php(1097): CodeIgniter\View\View->render('items_cart/admi...', Array, true)
#2 C:\wamp64\www\CI\app\Controllers\PracticeController.php(55): view('items_cart/admi...', Array)
#3 C:\wamp64\www\CI\system\CodeIgniter.php(824): App\Controllers\PracticeController->redictAdmin()
#4 C:\wamp64\www\CI\system\CodeIgniter.php(410): CodeIgniter\CodeIgniter->runController(Object(App\Controllers\PracticeController))
#5 C:\wamp64\www\CI\system\CodeIgniter.php(318): CodeIgniter\CodeIgniter->handleRequest(NULL, Object(Config\Cache), false)
#6 C:\wamp64\www\CI\public\index.php(37): CodeIgniter\CodeIgniter->run()
#7 {main}
CRITICAL - 2021-12-22 20:01:19 --> syntax error, unexpected 'if' (T_IF)
#0 C:\wamp64\www\CI\system\View\View.php(217): CodeIgniter\View\View->CodeIgniter\View\{closure}()
#1 C:\wamp64\www\CI\system\Common.php(1097): CodeIgniter\View\View->render('items_cart/admi...', Array, true)
#2 C:\wamp64\www\CI\app\Controllers\PracticeController.php(55): view('items_cart/admi...', Array)
#3 C:\wamp64\www\CI\system\CodeIgniter.php(824): App\Controllers\PracticeController->redictAdmin()
#4 C:\wamp64\www\CI\system\CodeIgniter.php(410): CodeIgniter\CodeIgniter->runController(Object(App\Controllers\PracticeController))
#5 C:\wamp64\www\CI\system\CodeIgniter.php(318): CodeIgniter\CodeIgniter->handleRequest(NULL, Object(Config\Cache), false)
#6 C:\wamp64\www\CI\public\index.php(37): CodeIgniter\CodeIgniter->run()
#7 {main}
CRITICAL - 2021-12-22 20:40:10 --> Call to a member function set() on null
#0 C:\wamp64\www\CI\system\View\View.php(214): include()
#1 C:\wamp64\www\CI\system\View\View.php(217): CodeIgniter\View\View->CodeIgniter\View\{closure}()
#2 C:\wamp64\www\CI\system\Common.php(1097): CodeIgniter\View\View->render('items_cart/admi...', Array, true)
#3 C:\wamp64\www\CI\app\Controllers\PracticeController.php(77): view('items_cart/admi...', Array)
#4 C:\wamp64\www\CI\system\CodeIgniter.php(824): App\Controllers\PracticeController->redictAdmin()
#5 C:\wamp64\www\CI\system\CodeIgniter.php(410): CodeIgniter\CodeIgniter->runController(Object(App\Controllers\PracticeController))
#6 C:\wamp64\www\CI\system\CodeIgniter.php(318): CodeIgniter\CodeIgniter->handleRequest(NULL, Object(Config\Cache), false)
#7 C:\wamp64\www\CI\public\index.php(37): CodeIgniter\CodeIgniter->run()
#8 {main}
CRITICAL - 2021-12-22 20:45:21 --> Call to a member function set() on null
#0 C:\wamp64\www\CI\system\View\View.php(214): include()
#1 C:\wamp64\www\CI\system\View\View.php(217): CodeIgniter\View\View->CodeIgniter\View\{closure}()
#2 C:\wamp64\www\CI\system\Common.php(1097): CodeIgniter\View\View->render('items_cart/admi...', Array, true)
#3 C:\wamp64\www\CI\app\Controllers\PracticeController.php(77): view('items_cart/admi...', Array)
#4 C:\wamp64\www\CI\system\CodeIgniter.php(824): App\Controllers\PracticeController->redictAdmin()
#5 C:\wamp64\www\CI\system\CodeIgniter.php(410): CodeIgniter\CodeIgniter->runController(Object(App\Controllers\PracticeController))
#6 C:\wamp64\www\CI\system\CodeIgniter.php(318): CodeIgniter\CodeIgniter->handleRequest(NULL, Object(Config\Cache), false)
#7 C:\wamp64\www\CI\public\index.php(37): CodeIgniter\CodeIgniter->run()
#8 {main}
CRITICAL - 2021-12-22 20:46:05 --> Call to a member function set() on null
#0 C:\wamp64\www\CI\system\View\View.php(214): include()
#1 C:\wamp64\www\CI\system\View\View.php(217): CodeIgniter\View\View->CodeIgniter\View\{closure}()
#2 C:\wamp64\www\CI\system\Common.php(1097): CodeIgniter\View\View->render('items_cart/admi...', Array, true)
#3 C:\wamp64\www\CI\app\Controllers\PracticeController.php(77): view('items_cart/admi...', Array)
#4 C:\wamp64\www\CI\system\CodeIgniter.php(824): App\Controllers\PracticeController->redictAdmin()
#5 C:\wamp64\www\CI\system\CodeIgniter.php(410): CodeIgniter\CodeIgniter->runController(Object(App\Controllers\PracticeController))
#6 C:\wamp64\www\CI\system\CodeIgniter.php(318): CodeIgniter\CodeIgniter->handleRequest(NULL, Object(Config\Cache), false)
#7 C:\wamp64\www\CI\public\index.php(37): CodeIgniter\CodeIgniter->run()
#8 {main}
