CRITICAL - 2021-12-20 09:09:17 --> Call to a member function set() on null
#0 C:\wamp64\www\CI\system\View\View.php(214): include()
#1 C:\wamp64\www\CI\system\View\View.php(217): CodeIgniter\View\View->CodeIgniter\View\{closure}()
#2 C:\wamp64\www\CI\system\Common.php(1097): CodeIgniter\View\View->render('items_cart/admi...', Array, true)
#3 C:\wamp64\www\CI\app\Controllers\PracticeController.php(18): view('items_cart/admi...')
#4 C:\wamp64\www\CI\system\CodeIgniter.php(824): App\Controllers\PracticeController->redictAdmin()
#5 C:\wamp64\www\CI\system\CodeIgniter.php(410): CodeIgniter\CodeIgniter->runController(Object(App\Controllers\PracticeController))
#6 C:\wamp64\www\CI\system\CodeIgniter.php(318): CodeIgniter\CodeIgniter->handleRequest(NULL, Object(Config\Cache), false)
#7 C:\wamp64\www\CI\public\index.php(37): CodeIgniter\CodeIgniter->run()
#8 {main}
CRITICAL - 2021-12-20 09:11:00 --> Call to a member function set() on null
#0 C:\wamp64\www\CI\system\View\View.php(214): include()
#1 C:\wamp64\www\CI\system\View\View.php(217): CodeIgniter\View\View->CodeIgniter\View\{closure}()
#2 C:\wamp64\www\CI\system\Common.php(1097): CodeIgniter\View\View->render('items_cart/admi...', Array, true)
#3 C:\wamp64\www\CI\app\Controllers\PracticeController.php(18): view('items_cart/admi...')
#4 C:\wamp64\www\CI\system\CodeIgniter.php(824): App\Controllers\PracticeController->redictAdmin()
#5 C:\wamp64\www\CI\system\CodeIgniter.php(410): CodeIgniter\CodeIgniter->runController(Object(App\Controllers\PracticeController))
#6 C:\wamp64\www\CI\system\CodeIgniter.php(318): CodeIgniter\CodeIgniter->handleRequest(NULL, Object(Config\Cache), false)
#7 C:\wamp64\www\CI\public\index.php(37): CodeIgniter\CodeIgniter->run()
#8 {main}
CRITICAL - 2021-12-20 09:11:06 --> Call to a member function set() on null
#0 C:\wamp64\www\CI\system\View\View.php(214): include()
#1 C:\wamp64\www\CI\system\View\View.php(217): CodeIgniter\View\View->CodeIgniter\View\{closure}()
#2 C:\wamp64\www\CI\system\Common.php(1097): CodeIgniter\View\View->render('items_cart/admi...', Array, true)
#3 C:\wamp64\www\CI\app\Controllers\PracticeController.php(18): view('items_cart/admi...')
#4 C:\wamp64\www\CI\system\CodeIgniter.php(824): App\Controllers\PracticeController->redictAdmin()
#5 C:\wamp64\www\CI\system\CodeIgniter.php(410): CodeIgniter\CodeIgniter->runController(Object(App\Controllers\PracticeController))
#6 C:\wamp64\www\CI\system\CodeIgniter.php(318): CodeIgniter\CodeIgniter->handleRequest(NULL, Object(Config\Cache), false)
#7 C:\wamp64\www\CI\public\index.php(37): CodeIgniter\CodeIgniter->run()
#8 {main}
CRITICAL - 2021-12-20 09:13:20 --> Call to a member function set() on null
#0 C:\wamp64\www\CI\system\View\View.php(214): include()
#1 C:\wamp64\www\CI\system\View\View.php(217): CodeIgniter\View\View->CodeIgniter\View\{closure}()
#2 C:\wamp64\www\CI\system\Common.php(1097): CodeIgniter\View\View->render('items_cart/admi...', Array, true)
#3 C:\wamp64\www\CI\app\Controllers\PracticeController.php(18): view('items_cart/admi...')
#4 C:\wamp64\www\CI\system\CodeIgniter.php(824): App\Controllers\PracticeController->redictAdmin()
#5 C:\wamp64\www\CI\system\CodeIgniter.php(410): CodeIgniter\CodeIgniter->runController(Object(App\Controllers\PracticeController))
#6 C:\wamp64\www\CI\system\CodeIgniter.php(318): CodeIgniter\CodeIgniter->handleRequest(NULL, Object(Config\Cache), false)
#7 C:\wamp64\www\CI\public\index.php(37): CodeIgniter\CodeIgniter->run()
#8 {main}
CRITICAL - 2021-12-20 09:13:22 --> Call to a member function set() on null
#0 C:\wamp64\www\CI\system\View\View.php(214): include()
#1 C:\wamp64\www\CI\system\View\View.php(217): CodeIgniter\View\View->CodeIgniter\View\{closure}()
#2 C:\wamp64\www\CI\system\Common.php(1097): CodeIgniter\View\View->render('items_cart/admi...', Array, true)
#3 C:\wamp64\www\CI\app\Controllers\PracticeController.php(18): view('items_cart/admi...')
#4 C:\wamp64\www\CI\system\CodeIgniter.php(824): App\Controllers\PracticeController->redictAdmin()
#5 C:\wamp64\www\CI\system\CodeIgniter.php(410): CodeIgniter\CodeIgniter->runController(Object(App\Controllers\PracticeController))
#6 C:\wamp64\www\CI\system\CodeIgniter.php(318): CodeIgniter\CodeIgniter->handleRequest(NULL, Object(Config\Cache), false)
#7 C:\wamp64\www\CI\public\index.php(37): CodeIgniter\CodeIgniter->run()
#8 {main}
CRITICAL - 2021-12-20 09:13:23 --> Call to a member function set() on null
#0 C:\wamp64\www\CI\system\View\View.php(214): include()
#1 C:\wamp64\www\CI\system\View\View.php(217): CodeIgniter\View\View->CodeIgniter\View\{closure}()
#2 C:\wamp64\www\CI\system\Common.php(1097): CodeIgniter\View\View->render('items_cart/admi...', Array, true)
#3 C:\wamp64\www\CI\app\Controllers\PracticeController.php(18): view('items_cart/admi...')
#4 C:\wamp64\www\CI\system\CodeIgniter.php(824): App\Controllers\PracticeController->redictAdmin()
#5 C:\wamp64\www\CI\system\CodeIgniter.php(410): CodeIgniter\CodeIgniter->runController(Object(App\Controllers\PracticeController))
#6 C:\wamp64\www\CI\system\CodeIgniter.php(318): CodeIgniter\CodeIgniter->handleRequest(NULL, Object(Config\Cache), false)
#7 C:\wamp64\www\CI\public\index.php(37): CodeIgniter\CodeIgniter->run()
#8 {main}
CRITICAL - 2021-12-20 09:13:23 --> Call to a member function set() on null
#0 C:\wamp64\www\CI\system\View\View.php(214): include()
#1 C:\wamp64\www\CI\system\View\View.php(217): CodeIgniter\View\View->CodeIgniter\View\{closure}()
#2 C:\wamp64\www\CI\system\Common.php(1097): CodeIgniter\View\View->render('items_cart/admi...', Array, true)
#3 C:\wamp64\www\CI\app\Controllers\PracticeController.php(18): view('items_cart/admi...')
#4 C:\wamp64\www\CI\system\CodeIgniter.php(824): App\Controllers\PracticeController->redictAdmin()
#5 C:\wamp64\www\CI\system\CodeIgniter.php(410): CodeIgniter\CodeIgniter->runController(Object(App\Controllers\PracticeController))
#6 C:\wamp64\www\CI\system\CodeIgniter.php(318): CodeIgniter\CodeIgniter->handleRequest(NULL, Object(Config\Cache), false)
#7 C:\wamp64\www\CI\public\index.php(37): CodeIgniter\CodeIgniter->run()
#8 {main}
CRITICAL - 2021-12-20 09:13:24 --> Call to a member function set() on null
#0 C:\wamp64\www\CI\system\View\View.php(214): include()
#1 C:\wamp64\www\CI\system\View\View.php(217): CodeIgniter\View\View->CodeIgniter\View\{closure}()
#2 C:\wamp64\www\CI\system\Common.php(1097): CodeIgniter\View\View->render('items_cart/admi...', Array, true)
#3 C:\wamp64\www\CI\app\Controllers\PracticeController.php(18): view('items_cart/admi...')
#4 C:\wamp64\www\CI\system\CodeIgniter.php(824): App\Controllers\PracticeController->redictAdmin()
#5 C:\wamp64\www\CI\system\CodeIgniter.php(410): CodeIgniter\CodeIgniter->runController(Object(App\Controllers\PracticeController))
#6 C:\wamp64\www\CI\system\CodeIgniter.php(318): CodeIgniter\CodeIgniter->handleRequest(NULL, Object(Config\Cache), false)
#7 C:\wamp64\www\CI\public\index.php(37): CodeIgniter\CodeIgniter->run()
#8 {main}
CRITICAL - 2021-12-20 09:13:25 --> Call to a member function set() on null
#0 C:\wamp64\www\CI\system\View\View.php(214): include()
#1 C:\wamp64\www\CI\system\View\View.php(217): CodeIgniter\View\View->CodeIgniter\View\{closure}()
#2 C:\wamp64\www\CI\system\Common.php(1097): CodeIgniter\View\View->render('items_cart/admi...', Array, true)
#3 C:\wamp64\www\CI\app\Controllers\PracticeController.php(18): view('items_cart/admi...')
#4 C:\wamp64\www\CI\system\CodeIgniter.php(824): App\Controllers\PracticeController->redictAdmin()
#5 C:\wamp64\www\CI\system\CodeIgniter.php(410): CodeIgniter\CodeIgniter->runController(Object(App\Controllers\PracticeController))
#6 C:\wamp64\www\CI\system\CodeIgniter.php(318): CodeIgniter\CodeIgniter->handleRequest(NULL, Object(Config\Cache), false)
#7 C:\wamp64\www\CI\public\index.php(37): CodeIgniter\CodeIgniter->run()
#8 {main}
CRITICAL - 2021-12-20 09:13:56 --> Call to a member function get() on null
#0 C:\wamp64\www\CI\system\View\View.php(214): include()
#1 C:\wamp64\www\CI\system\View\View.php(217): CodeIgniter\View\View->CodeIgniter\View\{closure}()
#2 C:\wamp64\www\CI\system\Common.php(1097): CodeIgniter\View\View->render('items_cart/admi...', Array, true)
#3 C:\wamp64\www\CI\app\Controllers\PracticeController.php(18): view('items_cart/admi...')
#4 C:\wamp64\www\CI\system\CodeIgniter.php(824): App\Controllers\PracticeController->redictAdmin()
#5 C:\wamp64\www\CI\system\CodeIgniter.php(410): CodeIgniter\CodeIgniter->runController(Object(App\Controllers\PracticeController))
#6 C:\wamp64\www\CI\system\CodeIgniter.php(318): CodeIgniter\CodeIgniter->handleRequest(NULL, Object(Config\Cache), false)
#7 C:\wamp64\www\CI\public\index.php(37): CodeIgniter\CodeIgniter->run()
#8 {main}
CRITICAL - 2021-12-20 09:14:40 --> Call to a member function get() on null
#0 C:\wamp64\www\CI\system\View\View.php(214): include()
#1 C:\wamp64\www\CI\system\View\View.php(217): CodeIgniter\View\View->CodeIgniter\View\{closure}()
#2 C:\wamp64\www\CI\system\Common.php(1097): CodeIgniter\View\View->render('items_cart/admi...', Array, true)
#3 C:\wamp64\www\CI\app\Controllers\PracticeController.php(18): view('items_cart/admi...')
#4 C:\wamp64\www\CI\system\CodeIgniter.php(824): App\Controllers\PracticeController->redictAdmin()
#5 C:\wamp64\www\CI\system\CodeIgniter.php(410): CodeIgniter\CodeIgniter->runController(Object(App\Controllers\PracticeController))
#6 C:\wamp64\www\CI\system\CodeIgniter.php(318): CodeIgniter\CodeIgniter->handleRequest(NULL, Object(Config\Cache), false)
#7 C:\wamp64\www\CI\public\index.php(37): CodeIgniter\CodeIgniter->run()
#8 {main}
CRITICAL - 2021-12-20 09:14:58 --> Call to a member function get() on null
#0 C:\wamp64\www\CI\system\View\View.php(214): include()
#1 C:\wamp64\www\CI\system\View\View.php(217): CodeIgniter\View\View->CodeIgniter\View\{closure}()
#2 C:\wamp64\www\CI\system\Common.php(1097): CodeIgniter\View\View->render('items_cart/admi...', Array, true)
#3 C:\wamp64\www\CI\app\Controllers\PracticeController.php(18): view('items_cart/admi...')
#4 C:\wamp64\www\CI\system\CodeIgniter.php(824): App\Controllers\PracticeController->redictAdmin()
#5 C:\wamp64\www\CI\system\CodeIgniter.php(410): CodeIgniter\CodeIgniter->runController(Object(App\Controllers\PracticeController))
#6 C:\wamp64\www\CI\system\CodeIgniter.php(318): CodeIgniter\CodeIgniter->handleRequest(NULL, Object(Config\Cache), false)
#7 C:\wamp64\www\CI\public\index.php(37): CodeIgniter\CodeIgniter->run()
#8 {main}
CRITICAL - 2021-12-20 09:20:32 --> Call to a member function set() on null
#0 C:\wamp64\www\CI\system\View\View.php(214): include()
#1 C:\wamp64\www\CI\system\View\View.php(217): CodeIgniter\View\View->CodeIgniter\View\{closure}()
#2 C:\wamp64\www\CI\system\Common.php(1097): CodeIgniter\View\View->render('items_cart/admi...', Array, true)
#3 C:\wamp64\www\CI\app\Controllers\PracticeController.php(18): view('items_cart/admi...')
#4 C:\wamp64\www\CI\system\CodeIgniter.php(824): App\Controllers\PracticeController->redictAdmin()
#5 C:\wamp64\www\CI\system\CodeIgniter.php(410): CodeIgniter\CodeIgniter->runController(Object(App\Controllers\PracticeController))
#6 C:\wamp64\www\CI\system\CodeIgniter.php(318): CodeIgniter\CodeIgniter->handleRequest(NULL, Object(Config\Cache), false)
#7 C:\wamp64\www\CI\public\index.php(37): CodeIgniter\CodeIgniter->run()
#8 {main}
CRITICAL - 2021-12-20 09:21:24 --> Call to a member function set() on null
#0 C:\wamp64\www\CI\system\View\View.php(214): include()
#1 C:\wamp64\www\CI\system\View\View.php(217): CodeIgniter\View\View->CodeIgniter\View\{closure}()
#2 C:\wamp64\www\CI\system\Common.php(1097): CodeIgniter\View\View->render('items_cart/admi...', Array, true)
#3 C:\wamp64\www\CI\app\Controllers\PracticeController.php(18): view('items_cart/admi...')
#4 C:\wamp64\www\CI\system\CodeIgniter.php(824): App\Controllers\PracticeController->redictAdmin()
#5 C:\wamp64\www\CI\system\CodeIgniter.php(410): CodeIgniter\CodeIgniter->runController(Object(App\Controllers\PracticeController))
#6 C:\wamp64\www\CI\system\CodeIgniter.php(318): CodeIgniter\CodeIgniter->handleRequest(NULL, Object(Config\Cache), false)
#7 C:\wamp64\www\CI\public\index.php(37): CodeIgniter\CodeIgniter->run()
#8 {main}
CRITICAL - 2021-12-20 09:21:29 --> Call to a member function set() on null
#0 C:\wamp64\www\CI\system\View\View.php(214): include()
#1 C:\wamp64\www\CI\system\View\View.php(217): CodeIgniter\View\View->CodeIgniter\View\{closure}()
#2 C:\wamp64\www\CI\system\Common.php(1097): CodeIgniter\View\View->render('items_cart/admi...', Array, true)
#3 C:\wamp64\www\CI\app\Controllers\PracticeController.php(18): view('items_cart/admi...')
#4 C:\wamp64\www\CI\system\CodeIgniter.php(824): App\Controllers\PracticeController->redictAdmin()
#5 C:\wamp64\www\CI\system\CodeIgniter.php(410): CodeIgniter\CodeIgniter->runController(Object(App\Controllers\PracticeController))
#6 C:\wamp64\www\CI\system\CodeIgniter.php(318): CodeIgniter\CodeIgniter->handleRequest(NULL, Object(Config\Cache), false)
#7 C:\wamp64\www\CI\public\index.php(37): CodeIgniter\CodeIgniter->run()
#8 {main}
CRITICAL - 2021-12-20 09:25:36 --> Call to a member function set() on null
#0 C:\wamp64\www\CI\system\View\View.php(214): include()
#1 C:\wamp64\www\CI\system\View\View.php(217): CodeIgniter\View\View->CodeIgniter\View\{closure}()
#2 C:\wamp64\www\CI\system\Common.php(1097): CodeIgniter\View\View->render('items_cart/admi...', Array, true)
#3 C:\wamp64\www\CI\app\Controllers\PracticeController.php(18): view('items_cart/admi...')
#4 C:\wamp64\www\CI\system\CodeIgniter.php(824): App\Controllers\PracticeController->redictAdmin()
#5 C:\wamp64\www\CI\system\CodeIgniter.php(410): CodeIgniter\CodeIgniter->runController(Object(App\Controllers\PracticeController))
#6 C:\wamp64\www\CI\system\CodeIgniter.php(318): CodeIgniter\CodeIgniter->handleRequest(NULL, Object(Config\Cache), false)
#7 C:\wamp64\www\CI\public\index.php(37): CodeIgniter\CodeIgniter->run()
#8 {main}
CRITICAL - 2021-12-20 09:28:05 --> Call to a member function set() on null
#0 C:\wamp64\www\CI\system\View\View.php(214): include()
#1 C:\wamp64\www\CI\system\View\View.php(217): CodeIgniter\View\View->CodeIgniter\View\{closure}()
#2 C:\wamp64\www\CI\system\Common.php(1097): CodeIgniter\View\View->render('items_cart/admi...', Array, true)
#3 C:\wamp64\www\CI\app\Controllers\PracticeController.php(18): view('items_cart/admi...')
#4 C:\wamp64\www\CI\system\CodeIgniter.php(824): App\Controllers\PracticeController->redictAdmin()
#5 C:\wamp64\www\CI\system\CodeIgniter.php(410): CodeIgniter\CodeIgniter->runController(Object(App\Controllers\PracticeController))
#6 C:\wamp64\www\CI\system\CodeIgniter.php(318): CodeIgniter\CodeIgniter->handleRequest(NULL, Object(Config\Cache), false)
#7 C:\wamp64\www\CI\public\index.php(37): CodeIgniter\CodeIgniter->run()
#8 {main}
CRITICAL - 2021-12-20 09:30:10 --> Call to a member function set() on null
#0 C:\wamp64\www\CI\system\View\View.php(214): include()
#1 C:\wamp64\www\CI\system\View\View.php(217): CodeIgniter\View\View->CodeIgniter\View\{closure}()
#2 C:\wamp64\www\CI\system\Common.php(1097): CodeIgniter\View\View->render('items_cart/admi...', Array, true)
#3 C:\wamp64\www\CI\app\Controllers\PracticeController.php(18): view('items_cart/admi...')
#4 C:\wamp64\www\CI\system\CodeIgniter.php(824): App\Controllers\PracticeController->redictAdmin()
#5 C:\wamp64\www\CI\system\CodeIgniter.php(410): CodeIgniter\CodeIgniter->runController(Object(App\Controllers\PracticeController))
#6 C:\wamp64\www\CI\system\CodeIgniter.php(318): CodeIgniter\CodeIgniter->handleRequest(NULL, Object(Config\Cache), false)
#7 C:\wamp64\www\CI\public\index.php(37): CodeIgniter\CodeIgniter->run()
#8 {main}
CRITICAL - 2021-12-20 09:30:16 --> Call to a member function set() on null
#0 C:\wamp64\www\CI\system\View\View.php(214): include()
#1 C:\wamp64\www\CI\system\View\View.php(217): CodeIgniter\View\View->CodeIgniter\View\{closure}()
#2 C:\wamp64\www\CI\system\Common.php(1097): CodeIgniter\View\View->render('items_cart/admi...', Array, true)
#3 C:\wamp64\www\CI\app\Controllers\PracticeController.php(18): view('items_cart/admi...')
#4 C:\wamp64\www\CI\system\CodeIgniter.php(824): App\Controllers\PracticeController->redictAdmin()
#5 C:\wamp64\www\CI\system\CodeIgniter.php(410): CodeIgniter\CodeIgniter->runController(Object(App\Controllers\PracticeController))
#6 C:\wamp64\www\CI\system\CodeIgniter.php(318): CodeIgniter\CodeIgniter->handleRequest(NULL, Object(Config\Cache), false)
#7 C:\wamp64\www\CI\public\index.php(37): CodeIgniter\CodeIgniter->run()
#8 {main}
CRITICAL - 2021-12-20 09:31:13 --> Call to undefined method CodeIgniter\Session\Session::setusr()
#0 C:\wamp64\www\CI\system\View\View.php(214): include()
#1 C:\wamp64\www\CI\system\View\View.php(217): CodeIgniter\View\View->CodeIgniter\View\{closure}()
#2 C:\wamp64\www\CI\system\Common.php(1097): CodeIgniter\View\View->render('items_cart/admi...', Array, true)
#3 C:\wamp64\www\CI\app\Controllers\PracticeController.php(18): view('items_cart/admi...')
#4 C:\wamp64\www\CI\system\CodeIgniter.php(824): App\Controllers\PracticeController->redictAdmin()
#5 C:\wamp64\www\CI\system\CodeIgniter.php(410): CodeIgniter\CodeIgniter->runController(Object(App\Controllers\PracticeController))
#6 C:\wamp64\www\CI\system\CodeIgniter.php(318): CodeIgniter\CodeIgniter->handleRequest(NULL, Object(Config\Cache), false)
#7 C:\wamp64\www\CI\public\index.php(37): CodeIgniter\CodeIgniter->run()
#8 {main}
CRITICAL - 2021-12-20 09:32:00 --> Call to undefined method CodeIgniter\Session\Session::setadmin()
#0 C:\wamp64\www\CI\system\View\View.php(214): include()
#1 C:\wamp64\www\CI\system\View\View.php(217): CodeIgniter\View\View->CodeIgniter\View\{closure}()
#2 C:\wamp64\www\CI\system\Common.php(1097): CodeIgniter\View\View->render('items_cart/admi...', Array, true)
#3 C:\wamp64\www\CI\app\Controllers\PracticeController.php(18): view('items_cart/admi...')
#4 C:\wamp64\www\CI\system\CodeIgniter.php(824): App\Controllers\PracticeController->redictAdmin()
#5 C:\wamp64\www\CI\system\CodeIgniter.php(410): CodeIgniter\CodeIgniter->runController(Object(App\Controllers\PracticeController))
#6 C:\wamp64\www\CI\system\CodeIgniter.php(318): CodeIgniter\CodeIgniter->handleRequest(NULL, Object(Config\Cache), false)
#7 C:\wamp64\www\CI\public\index.php(37): CodeIgniter\CodeIgniter->run()
#8 {main}
CRITICAL - 2021-12-20 09:32:13 --> Call to undefined method CodeIgniter\Session\Session::setadmin()
#0 C:\wamp64\www\CI\system\View\View.php(214): include()
#1 C:\wamp64\www\CI\system\View\View.php(217): CodeIgniter\View\View->CodeIgniter\View\{closure}()
#2 C:\wamp64\www\CI\system\Common.php(1097): CodeIgniter\View\View->render('items_cart/admi...', Array, true)
#3 C:\wamp64\www\CI\app\Controllers\PracticeController.php(18): view('items_cart/admi...')
#4 C:\wamp64\www\CI\system\CodeIgniter.php(824): App\Controllers\PracticeController->redictAdmin()
#5 C:\wamp64\www\CI\system\CodeIgniter.php(410): CodeIgniter\CodeIgniter->runController(Object(App\Controllers\PracticeController))
#6 C:\wamp64\www\CI\system\CodeIgniter.php(318): CodeIgniter\CodeIgniter->handleRequest(NULL, Object(Config\Cache), false)
#7 C:\wamp64\www\CI\public\index.php(37): CodeIgniter\CodeIgniter->run()
#8 {main}
CRITICAL - 2021-12-20 09:32:14 --> Call to undefined method CodeIgniter\Session\Session::setadmin()
#0 C:\wamp64\www\CI\system\View\View.php(214): include()
#1 C:\wamp64\www\CI\system\View\View.php(217): CodeIgniter\View\View->CodeIgniter\View\{closure}()
#2 C:\wamp64\www\CI\system\Common.php(1097): CodeIgniter\View\View->render('items_cart/admi...', Array, true)
#3 C:\wamp64\www\CI\app\Controllers\PracticeController.php(18): view('items_cart/admi...')
#4 C:\wamp64\www\CI\system\CodeIgniter.php(824): App\Controllers\PracticeController->redictAdmin()
#5 C:\wamp64\www\CI\system\CodeIgniter.php(410): CodeIgniter\CodeIgniter->runController(Object(App\Controllers\PracticeController))
#6 C:\wamp64\www\CI\system\CodeIgniter.php(318): CodeIgniter\CodeIgniter->handleRequest(NULL, Object(Config\Cache), false)
#7 C:\wamp64\www\CI\public\index.php(37): CodeIgniter\CodeIgniter->run()
#8 {main}
CRITICAL - 2021-12-20 09:49:19 --> Object of class CodeIgniter\HTTP\RedirectResponse could not be converted to string
#0 C:\wamp64\www\CI\app\Views\items_cart\adminpage.php(15): CodeIgniter\Debug\Exceptions->errorHandler(4096, 'Object of class...', 'C:\\wamp64\\www\\C...', 15, Array)
#1 C:\wamp64\www\CI\system\View\View.php(214): include('C:\\wamp64\\www\\C...')
#2 C:\wamp64\www\CI\system\View\View.php(217): CodeIgniter\View\View->CodeIgniter\View\{closure}()
#3 C:\wamp64\www\CI\system\Common.php(1097): CodeIgniter\View\View->render('items_cart/admi...', Array, true)
#4 C:\wamp64\www\CI\app\Controllers\PracticeController.php(23): view('items_cart/admi...')
#5 C:\wamp64\www\CI\system\CodeIgniter.php(824): App\Controllers\PracticeController->redictAdmin()
#6 C:\wamp64\www\CI\system\CodeIgniter.php(410): CodeIgniter\CodeIgniter->runController(Object(App\Controllers\PracticeController))
#7 C:\wamp64\www\CI\system\CodeIgniter.php(318): CodeIgniter\CodeIgniter->handleRequest(NULL, Object(Config\Cache), false)
#8 C:\wamp64\www\CI\public\index.php(37): CodeIgniter\CodeIgniter->run()
#9 {main}
CRITICAL - 2021-12-20 09:57:30 --> Call to a member function set() on null
#0 C:\wamp64\www\CI\system\View\View.php(214): include()
#1 C:\wamp64\www\CI\system\View\View.php(217): CodeIgniter\View\View->CodeIgniter\View\{closure}()
#2 C:\wamp64\www\CI\system\Common.php(1097): CodeIgniter\View\View->render('items_cart/admi...', Array, true)
#3 C:\wamp64\www\CI\app\Controllers\PracticeController.php(23): view('items_cart/admi...')
#4 C:\wamp64\www\CI\system\CodeIgniter.php(824): App\Controllers\PracticeController->redictAdmin()
#5 C:\wamp64\www\CI\system\CodeIgniter.php(410): CodeIgniter\CodeIgniter->runController(Object(App\Controllers\PracticeController))
#6 C:\wamp64\www\CI\system\CodeIgniter.php(318): CodeIgniter\CodeIgniter->handleRequest(NULL, Object(Config\Cache), false)
#7 C:\wamp64\www\CI\public\index.php(37): CodeIgniter\CodeIgniter->run()
#8 {main}
CRITICAL - 2021-12-20 10:41:23 --> Argument 1 passed to CodeIgniter\Database\BaseBuilder::insert() must be of the type array or null, string given, called in C:\wamp64\www\CI\app\Models\PracticeModel.php on line 21
#0 C:\wamp64\www\CI\app\Models\PracticeModel.php(21): CodeIgniter\Database\BaseBuilder->insert('electronics')
#1 C:\wamp64\www\CI\app\Controllers\PracticeController.php(25): App\Models\PracticeModel->insertData('electronics')
#2 C:\wamp64\www\CI\system\CodeIgniter.php(824): App\Controllers\PracticeController->redictAdmin()
#3 C:\wamp64\www\CI\system\CodeIgniter.php(410): CodeIgniter\CodeIgniter->runController(Object(App\Controllers\PracticeController))
#4 C:\wamp64\www\CI\system\CodeIgniter.php(318): CodeIgniter\CodeIgniter->handleRequest(NULL, Object(Config\Cache), false)
#5 C:\wamp64\www\CI\public\index.php(37): CodeIgniter\CodeIgniter->run()
#6 {main}
CRITICAL - 2021-12-20 10:49:03 --> Argument 1 passed to CodeIgniter\Database\BaseBuilder::insert() must be of the type array or null, string given, called in C:\wamp64\www\CI\app\Models\PracticeModel.php on line 22
#0 C:\wamp64\www\CI\app\Models\PracticeModel.php(22): CodeIgniter\Database\BaseBuilder->insert('electronic')
#1 C:\wamp64\www\CI\app\Controllers\PracticeController.php(25): App\Models\PracticeModel->insertData('electronic')
#2 C:\wamp64\www\CI\system\CodeIgniter.php(824): App\Controllers\PracticeController->redictAdmin()
#3 C:\wamp64\www\CI\system\CodeIgniter.php(410): CodeIgniter\CodeIgniter->runController(Object(App\Controllers\PracticeController))
#4 C:\wamp64\www\CI\system\CodeIgniter.php(318): CodeIgniter\CodeIgniter->handleRequest(NULL, Object(Config\Cache), false)
#5 C:\wamp64\www\CI\public\index.php(37): CodeIgniter\CodeIgniter->run()
#6 {main}
CRITICAL - 2021-12-20 10:50:16 --> Argument 1 passed to CodeIgniter\Database\BaseBuilder::insert() must be of the type array or null, string given, called in C:\wamp64\www\CI\app\Models\PracticeModel.php on line 22
#0 C:\wamp64\www\CI\app\Models\PracticeModel.php(22): CodeIgniter\Database\BaseBuilder->insert('name', 'electronic')
#1 C:\wamp64\www\CI\app\Controllers\PracticeController.php(25): App\Models\PracticeModel->insertData('name', 'electronic')
#2 C:\wamp64\www\CI\system\CodeIgniter.php(824): App\Controllers\PracticeController->redictAdmin()
#3 C:\wamp64\www\CI\system\CodeIgniter.php(410): CodeIgniter\CodeIgniter->runController(Object(App\Controllers\PracticeController))
#4 C:\wamp64\www\CI\system\CodeIgniter.php(318): CodeIgniter\CodeIgniter->handleRequest(NULL, Object(Config\Cache), false)
#5 C:\wamp64\www\CI\public\index.php(37): CodeIgniter\CodeIgniter->run()
#6 {main}
ERROR - 2021-12-20 23:17:42 --> You have an error in your SQL syntax; check the manual that corresponds to your MySQL server version for the right syntax to use near ''cate_table'' at line 1
CRITICAL - 2021-12-20 23:17:42 --> Call to a member function getResult() on bool
#0 C:\wamp64\www\CI\app\Controllers\PracticeController.php(50): App\Models\PracticeModel->getCategory('cate_table')
#1 C:\wamp64\www\CI\system\CodeIgniter.php(824): App\Controllers\PracticeController->redictAdmin()
#2 C:\wamp64\www\CI\system\CodeIgniter.php(410): CodeIgniter\CodeIgniter->runController(Object(App\Controllers\PracticeController))
#3 C:\wamp64\www\CI\system\CodeIgniter.php(318): CodeIgniter\CodeIgniter->handleRequest(NULL, Object(Config\Cache), false)
#4 C:\wamp64\www\CI\public\index.php(37): CodeIgniter\CodeIgniter->run()
#5 {main}
CRITICAL - 2021-12-20 23:18:34 --> syntax error, unexpected end of file
#0 C:\wamp64\www\CI\system\Autoloader\Autoloader.php(241): CodeIgniter\Autoloader\Autoloader->includeFile('C:\\wamp64\\www\\C...')
#1 C:\wamp64\www\CI\system\Autoloader\Autoloader.php(219): CodeIgniter\Autoloader\Autoloader->loadInNamespace('App\\Models\\Prac...')
#2 [internal function]: CodeIgniter\Autoloader\Autoloader->loadClass('App\\Models\\Prac...')
#3 C:\wamp64\www\CI\app\Controllers\PracticeController.php(11): spl_autoload_call('App\\Models\\Prac...')
#4 C:\wamp64\www\CI\system\CodeIgniter.php(801): App\Controllers\PracticeController->__construct()
#5 C:\wamp64\www\CI\system\CodeIgniter.php(401): CodeIgniter\CodeIgniter->createController()
#6 C:\wamp64\www\CI\system\CodeIgniter.php(318): CodeIgniter\CodeIgniter->handleRequest(NULL, Object(Config\Cache), false)
#7 C:\wamp64\www\CI\public\index.php(37): CodeIgniter\CodeIgniter->run()
#8 {main}
CRITICAL - 2021-12-20 23:19:12 --> syntax error, unexpected end of file
#0 C:\wamp64\www\CI\system\Autoloader\Autoloader.php(241): CodeIgniter\Autoloader\Autoloader->includeFile('C:\\wamp64\\www\\C...')
#1 C:\wamp64\www\CI\system\Autoloader\Autoloader.php(219): CodeIgniter\Autoloader\Autoloader->loadInNamespace('App\\Models\\Prac...')
#2 [internal function]: CodeIgniter\Autoloader\Autoloader->loadClass('App\\Models\\Prac...')
#3 C:\wamp64\www\CI\app\Controllers\PracticeController.php(11): spl_autoload_call('App\\Models\\Prac...')
#4 C:\wamp64\www\CI\system\CodeIgniter.php(801): App\Controllers\PracticeController->__construct()
#5 C:\wamp64\www\CI\system\CodeIgniter.php(401): CodeIgniter\CodeIgniter->createController()
#6 C:\wamp64\www\CI\system\CodeIgniter.php(318): CodeIgniter\CodeIgniter->handleRequest(NULL, Object(Config\Cache), false)
#7 C:\wamp64\www\CI\public\index.php(37): CodeIgniter\CodeIgniter->run()
#8 {main}
ERROR - 2021-12-20 23:48:28 --> Table 'mca5.item_tableas' doesn't exist
CRITICAL - 2021-12-20 23:48:28 --> Call to a member function getResult() on bool
#0 C:\wamp64\www\CI\app\Controllers\PracticeController.php(52): App\Models\PracticeModel->getCategoryWhere(Array)
#1 C:\wamp64\www\CI\system\CodeIgniter.php(824): App\Controllers\PracticeController->redictAdmin()
#2 C:\wamp64\www\CI\system\CodeIgniter.php(410): CodeIgniter\CodeIgniter->runController(Object(App\Controllers\PracticeController))
#3 C:\wamp64\www\CI\system\CodeIgniter.php(318): CodeIgniter\CodeIgniter->handleRequest(NULL, Object(Config\Cache), false)
#4 C:\wamp64\www\CI\public\index.php(37): CodeIgniter\CodeIgniter->run()
#5 {main}
ERROR - 2021-12-20 23:51:34 --> Table 'mca5.item_tableas' doesn't exist
CRITICAL - 2021-12-20 23:51:34 --> Call to a member function getResultArray() on bool
#0 C:\wamp64\www\CI\app\Controllers\PracticeController.php(52): App\Models\PracticeModel->getCategoryWhere(Array)
#1 C:\wamp64\www\CI\system\CodeIgniter.php(824): App\Controllers\PracticeController->redictAdmin()
#2 C:\wamp64\www\CI\system\CodeIgniter.php(410): CodeIgniter\CodeIgniter->runController(Object(App\Controllers\PracticeController))
#3 C:\wamp64\www\CI\system\CodeIgniter.php(318): CodeIgniter\CodeIgniter->handleRequest(NULL, Object(Config\Cache), false)
#4 C:\wamp64\www\CI\public\index.php(37): CodeIgniter\CodeIgniter->run()
#5 {main}
ERROR - 2021-12-20 23:52:28 --> Table 'mca5.item_tableas' doesn't exist
ERROR - 2021-12-20 23:52:30 --> Table 'mca5.item_tableas' doesn't exist
ERROR - 2021-12-20 23:52:31 --> Table 'mca5.item_tableas' doesn't exist
ERROR - 2021-12-20 23:52:32 --> Table 'mca5.item_tableas' doesn't exist
ERROR - 2021-12-20 23:52:32 --> Table 'mca5.item_tableas' doesn't exist
ERROR - 2021-12-20 23:52:50 --> Table 'mca5.item_tableas' doesn't exist
ERROR - 2021-12-20 23:54:44 --> Table 'mca5.item_tableas' doesn't exist
CRITICAL - 2021-12-20 23:54:44 --> Call to a member function getResult() on bool
#0 C:\wamp64\www\CI\app\Controllers\PracticeController.php(52): App\Models\PracticeModel->getCategoryWhere(Array)
#1 C:\wamp64\www\CI\system\CodeIgniter.php(824): App\Controllers\PracticeController->redictAdmin()
#2 C:\wamp64\www\CI\system\CodeIgniter.php(410): CodeIgniter\CodeIgniter->runController(Object(App\Controllers\PracticeController))
#3 C:\wamp64\www\CI\system\CodeIgniter.php(318): CodeIgniter\CodeIgniter->handleRequest(NULL, Object(Config\Cache), false)
#4 C:\wamp64\www\CI\public\index.php(37): CodeIgniter\CodeIgniter->run()
#5 {main}
ERROR - 2021-12-20 23:55:08 --> Table 'mca5.item_tableas' doesn't exist
CRITICAL - 2021-12-20 23:55:08 --> Call to a member function getResult() on bool
#0 C:\wamp64\www\CI\app\Controllers\PracticeController.php(52): App\Models\PracticeModel->getCategoryWhere(Array)
#1 C:\wamp64\www\CI\system\CodeIgniter.php(824): App\Controllers\PracticeController->redictAdmin()
#2 C:\wamp64\www\CI\system\CodeIgniter.php(410): CodeIgniter\CodeIgniter->runController(Object(App\Controllers\PracticeController))
#3 C:\wamp64\www\CI\system\CodeIgniter.php(318): CodeIgniter\CodeIgniter->handleRequest(NULL, Object(Config\Cache), false)
#4 C:\wamp64\www\CI\public\index.php(37): CodeIgniter\CodeIgniter->run()
#5 {main}
